<?xml version="1.0" encoding="UTF-8"?>
<!-- Generated by org.testng.reporters.JUnitReportReporter -->
<testsuite hostname="BOOK-TB0HS12M3M" failures="0" tests="1" name="datatestpkg.Datadriventest" time="8.664" errors="0" timestamp="2024-03-09T09:38:49 IST" skipped="0">
  <testcase classname="datatestpkg.Datadriventest" name="verifyLoginWithValidcred" time="8.664"/>
</testsuite> <!-- datatestpkg.Datadriventest -->
